[debug] [2024-04-16T23:35:37.609Z] ----------------------------------------------------------------------
[debug] [2024-04-16T23:35:37.614Z] Command:       /opt/homebrew/Cellar/node/21.7.1/bin/node /opt/homebrew/bin/firebase init hosting:github
[debug] [2024-04-16T23:35:37.614Z] CLI Version:   13.6.0
[debug] [2024-04-16T23:35:37.614Z] Platform:      darwin
[debug] [2024-04-16T23:35:37.614Z] Node Version:  v21.7.1
[debug] [2024-04-16T23:35:37.614Z] Time:          Wed Apr 17 2024 01:35:37 GMT+0200 (Eastern European Standard Time)
[debug] [2024-04-16T23:35:37.614Z] ----------------------------------------------------------------------
[debug] 
[debug] [2024-04-16T23:35:37.616Z] >>> [apiv2][query] GET https://firebase-public.firebaseio.com/cli.json [none]
[debug] [2024-04-16T23:35:37.634Z] > command requires scopes: ["email","openid","https://www.googleapis.com/auth/cloudplatformprojects.readonly","https://www.googleapis.com/auth/firebase","https://www.googleapis.com/auth/cloud-platform"]
[debug] [2024-04-16T23:35:37.634Z] > authorizing via signed-in user (mohamedmaaty1998@gmail.com)
[info] 
     ######## #### ########  ######## ########     ###     ######  ########
     ##        ##  ##     ## ##       ##     ##  ##   ##  ##       ##
     ######    ##  ########  ######   ########  #########  ######  ######
     ##        ##  ##    ##  ##       ##     ## ##     ##       ## ##
     ##       #### ##     ## ######## ########  ##     ##  ######  ########

You're about to initialize a Firebase project in this directory:

  /Users/m.m3aty/Documents/myProjects/lumin_soft_maps

[info] 
=== Project Setup
[info] 
[info] First, let's associate this project directory with a Firebase project.
[info] You can create multiple project aliases by running firebase use --add, 
[info] but for now we'll just set up a default project.
[info] 
[debug] [2024-04-16T23:35:38.143Z] <<< [apiv2][status] GET https://firebase-public.firebaseio.com/cli.json 200
[debug] [2024-04-16T23:35:38.143Z] <<< [apiv2][body] GET https://firebase-public.firebaseio.com/cli.json {"cloudBuildErrorAfter":1594252800000,"cloudBuildWarnAfter":1590019200000,"defaultNode10After":1594252800000,"minVersion":"3.0.5","node8DeploysDisabledAfter":1613390400000,"node8RuntimeDisabledAfter":1615809600000,"node8WarnAfter":1600128000000}
